\BOOKMARK [0][-]{section*.1}{Contents}{}% 1
\BOOKMARK [0][-]{chapter.1}{Introduction}{}% 2
\BOOKMARK [1][-]{section.1.1}{The Linkage Coder program}{chapter.1}% 3
\BOOKMARK [1][-]{section.1.2}{Part of a bigger program}{chapter.1}% 4
\BOOKMARK [1][-]{section.1.3}{Other disclaimers}{chapter.1}% 5
\BOOKMARK [0][-]{chapter.2}{Preparations}{}% 6
\BOOKMARK [1][-]{section.2.1}{It is all about the data}{chapter.2}% 7
\BOOKMARK [1][-]{section.2.2}{Data sets}{chapter.2}% 8
\BOOKMARK [0][-]{chapter.3}{Using the program: Basic features}{}% 9
\BOOKMARK [1][-]{section.3.1}{Loading a new dataset}{chapter.3}% 10
\BOOKMARK [1][-]{section.3.2}{Saving and loading data}{chapter.3}% 11
\BOOKMARK [1][-]{section.3.3}{Importing existing codes}{chapter.3}% 12
\BOOKMARK [1][-]{section.3.4}{Navigating through the data}{chapter.3}% 13
\BOOKMARK [1][-]{section.3.5}{Exporting data}{chapter.3}% 14
\BOOKMARK [1][-]{section.3.6}{Log files and exiting the program}{chapter.3}% 15
\BOOKMARK [0][-]{chapter.4}{Using the program: Coding features}{}% 16
\BOOKMARK [1][-]{section.4.1}{Introduction to coding}{chapter.4}% 17
\BOOKMARK [0][-]{chapter.5}{What is next?}{}% 18
\BOOKMARK [1][-]{section.5.1}{Graph databases}{chapter.5}% 19
\BOOKMARK [1][-]{section.5.2}{Creating event graphs}{chapter.5}% 20
\BOOKMARK [0][-]{chapter.6}{Contact details}{}% 21
